<?xml version="1.0" encoding="UTF-8"?>
<testsuite name="tests.ProgramBBTest" tests="2" skipped="0" failures="0" errors="0" timestamp="2017-12-05T18:13:26" hostname="Sugandhas-MacBook-Air.local" time="0.073">
  <properties/>
  <testcase name="test2" classname="tests.ProgramBBTest" time="0.072"/>
  <testcase name="test3" classname="tests.ProgramBBTest" time="0.001"/>
  <system-out><![CDATA[]]></system-out>
  <system-err><![CDATA[]]></system-err>
</testsuite>
