<?xml version="1.0" encoding="UTF-8"?>
<testsuite name="blackBoxTests.AnalysisBBTest" tests="5" skipped="0" failures="0" errors="0" timestamp="2017-12-09T02:19:02" hostname="Sugandhas-MacBook-Air.local" time="0.051">
  <properties/>
  <testcase name="funName" classname="blackBoxTests.AnalysisBBTest" time="0.012"/>
  <testcase name="test1" classname="blackBoxTests.AnalysisBBTest" time="0.009"/>
  <testcase name="test2" classname="blackBoxTests.AnalysisBBTest" time="0.009"/>
  <testcase name="test3" classname="blackBoxTests.AnalysisBBTest" time="0.009"/>
  <testcase name="test4" classname="blackBoxTests.AnalysisBBTest" time="0.01"/>
  <system-out><![CDATA[]]></system-out>
  <system-err><![CDATA[]]></system-err>
</testsuite>
