<?xml version="1.0" encoding="UTF-8"?>
<testsuite name="whiteBoxTests.ReportWBTest" tests="2" skipped="0" failures="0" errors="0" timestamp="2017-12-09T15:40:00" hostname="Sugandhas-MacBook-Air.local" time="0.952">
  <properties/>
  <testcase name="plagSet" classname="whiteBoxTests.ReportWBTest" time="0.014"/>
  <testcase name="testConfidence" classname="whiteBoxTests.ReportWBTest" time="0.938"/>
  <system-out><![CDATA[]]></system-out>
  <system-err><![CDATA[]]></system-err>
</testsuite>
