<?xml version="1.0" encoding="UTF-8"?>
<testsuite name="blackBoxTests.LoaderBBTest" tests="2" skipped="0" failures="0" errors="0" timestamp="2017-12-09T02:18:55" hostname="Sugandhas-MacBook-Air.local" time="1.215">
  <properties/>
  <testcase name="test1" classname="blackBoxTests.LoaderBBTest" time="0.892"/>
  <testcase name="test2" classname="blackBoxTests.LoaderBBTest" time="0.323"/>
  <system-out><![CDATA[]]></system-out>
  <system-err><![CDATA[]]></system-err>
</testsuite>
