<?xml version="1.0" encoding="UTF-8"?>
<testsuite name="BlackBox.ProgramBBTest" tests="1" skipped="0" failures="0" errors="0" timestamp="2017-12-04T19:41:43" hostname="Sugandhas-MacBook-Air.local" time="0.079">
  <properties/>
  <testcase name="test2" classname="BlackBox.ProgramBBTest" time="0.079"/>
  <system-out><![CDATA[]]></system-out>
  <system-err><![CDATA[]]></system-err>
</testsuite>
