<?xml version="1.0" encoding="UTF-8"?>
<testsuite name="tests.ReportTests" tests="3" skipped="0" failures="0" errors="0" timestamp="2017-12-05T18:13:21" hostname="Sugandhas-MacBook-Air.local" time="2.835">
  <properties/>
  <testcase name="testConfidence" classname="tests.ReportTests" time="2.779"/>
  <testcase name="plagSet1" classname="tests.ReportTests" time="0.021"/>
  <testcase name="plagSet2" classname="tests.ReportTests" time="0.035"/>
  <system-out><![CDATA[]]></system-out>
  <system-err><![CDATA[]]></system-err>
</testsuite>
