<?xml version="1.0" encoding="UTF-8"?>
<testsuite name="whiteBoxTests.LoaderWBTest" tests="1" skipped="0" failures="0" errors="0" timestamp="2017-12-09T02:19:14" hostname="Sugandhas-MacBook-Air.local" time="0.0">
  <properties/>
  <testcase name="test" classname="whiteBoxTests.LoaderWBTest" time="0.0"/>
  <system-out><![CDATA[]]></system-out>
  <system-err><![CDATA[]]></system-err>
</testsuite>
