<?xml version="1.0" encoding="UTF-8"?>
<testsuite name="blackBoxTests.ProgramBBTest" tests="1" skipped="0" failures="0" errors="0" timestamp="2017-12-05T23:28:11" hostname="Sugandhas-MacBook-Air.local" time="0.113">
  <properties/>
  <testcase name="test" classname="blackBoxTests.ProgramBBTest" time="0.113"/>
  <system-out><![CDATA[]]></system-out>
  <system-err><![CDATA[]]></system-err>
</testsuite>
