<?xml version="1.0" encoding="UTF-8"?>
<testsuite name="tests.AnalysisBBTest" tests="10" skipped="0" failures="0" errors="0" timestamp="2017-12-05T18:13:26" hostname="Sugandhas-MacBook-Air.local" time="10.74">
  <properties/>
  <testcase name="devideMedium2" classname="tests.AnalysisBBTest" time="8.898"/>
  <testcase name="devideSimple2" classname="tests.AnalysisBBTest" time="0.013"/>
  <testcase name="funName" classname="tests.AnalysisBBTest" time="0.009"/>
  <testcase name="test2" classname="tests.AnalysisBBTest" time="0.005"/>
  <testcase name="test3" classname="tests.AnalysisBBTest" time="0.006"/>
  <testcase name="test4" classname="tests.AnalysisBBTest" time="0.007"/>
  <testcase name="test5" classname="tests.AnalysisBBTest" time="0.009"/>
  <testcase name="devideMedium" classname="tests.AnalysisBBTest" time="0.888"/>
  <testcase name="devideSimple" classname="tests.AnalysisBBTest" time="0.012"/>
  <testcase name="changenameMediumA" classname="tests.AnalysisBBTest" time="0.889"/>
  <system-out><![CDATA[]]></system-out>
  <system-err><![CDATA[]]></system-err>
</testsuite>
