<?xml version="1.0" encoding="UTF-8"?>
<testsuite name="tests.SampleBBTest" tests="6" skipped="0" failures="0" errors="0" timestamp="2017-12-05T18:13:24" hostname="Sugandhas-MacBook-Air.local" time="2.05">
  <properties/>
  <testcase name="sampleSet2Set4Test" classname="tests.SampleBBTest" time="0.431"/>
  <testcase name="sampleSet1Test" classname="tests.SampleBBTest" time="0.222"/>
  <testcase name="sampleSet2Test" classname="tests.SampleBBTest" time="0.333"/>
  <testcase name="sampleSet3Test" classname="tests.SampleBBTest" time="0.029"/>
  <testcase name="sampleSet4Test" classname="tests.SampleBBTest" time="0.571"/>
  <testcase name="sampleSet5Test" classname="tests.SampleBBTest" time="0.462"/>
  <system-out><![CDATA[]]></system-out>
  <system-err><![CDATA[line 7:30 no viable alternative at input '<EOF>'
line 53:19 no viable alternative at input '<EOF>'
line 14:23 no viable alternative at input '<EOF>'
line 4:6 no viable alternative at input '<EOF>'
]]></system-err>
</testsuite>
