<?xml version="1.0" encoding="UTF-8"?>
<testsuite name="blackBoxTests.SampleBBTest" tests="6" skipped="0" failures="0" errors="0" timestamp="2017-12-09T02:18:58" hostname="Sugandhas-MacBook-Air.local" time="4.265">
  <properties/>
  <testcase name="sampleSet2Set4Test" classname="blackBoxTests.SampleBBTest" time="1.854"/>
  <testcase name="sampleSet1Test" classname="blackBoxTests.SampleBBTest" time="0.313"/>
  <testcase name="sampleSet2Test" classname="blackBoxTests.SampleBBTest" time="0.763"/>
  <testcase name="sampleSet3Test" classname="blackBoxTests.SampleBBTest" time="0.077"/>
  <testcase name="sampleSet4Test" classname="blackBoxTests.SampleBBTest" time="0.689"/>
  <testcase name="sampleSet5Test" classname="blackBoxTests.SampleBBTest" time="0.566"/>
  <system-out><![CDATA[]]></system-out>
  <system-err><![CDATA[line 7:30 no viable alternative at input '<EOF>'
line 53:19 no viable alternative at input '<EOF>'
line 14:23 no viable alternative at input '<EOF>'
line 4:6 no viable alternative at input '<EOF>'
]]></system-err>
</testsuite>
