<?xml version="1.0" encoding="UTF-8"?>
<testsuite name="tests.LoaderBBTest" tests="3" skipped="0" failures="0" errors="0" timestamp="2017-12-05T18:13:24" hostname="Sugandhas-MacBook-Air.local" time="0.175">
  <properties/>
  <testcase name="test1" classname="tests.LoaderBBTest" time="0.095"/>
  <testcase name="test2" classname="tests.LoaderBBTest" time="0.078"/>
  <testcase name="test3" classname="tests.LoaderBBTest" time="0.0"/>
  <system-out><![CDATA[]]></system-out>
  <system-err><![CDATA[]]></system-err>
</testsuite>
